<?xml version="1.0" encoding="UTF-8"?>
<!-- Generated by org.testng.reporters.JUnitXMLReporter -->
<testsuite hostname="DESKTOP-EQFJ4FN" ignored="0" name="Test" tests="1" failures="0" timestamp="2021-04-20T18:43:16 EDT" time="0.092" errors="0">
  <testcase name="@BeforeClass setup" time="-1.618958596483E9" classname="testBase.BaseClass">
    <failure type="org.testng.TestNGException" message="
Parameter &amp;apos;browser&amp;apos; is required by BeforeClass on method setup but has not been marked @Optional or defined
in C:\Users\nisha\opencartV1\opencartV1\alltests.xml">
      <![CDATA[org.testng.TestNGException: 
Parameter 'browser' is required by BeforeClass on method setup but has not been marked @Optional or defined
in C:\Users\nisha\opencartV1\opencartV1\alltests.xml
at java.util.ArrayList.forEach(Unknown Source)
... Removed 22 stack frames]]>
    </failure>
  </testcase> <!-- @BeforeClass setup -->
  <testcase name="@AfterClass teardown" time="-1.618958596536E9" classname="testBase.BaseClass">
    <skipped/>
  </testcase> <!-- @AfterClass teardown -->
  <testcase name="test_Register" time="0.0" classname="testCases.TC_001_Register">
    <skipped/>
  </testcase> <!-- test_Register -->
</testsuite> <!-- Test -->
